<?xml version="1.0" encoding="UTF-8"?>
<!-- Generated by org.testng.reporters.JUnitReportReporter -->
<testsuite hostname="Arjun" failures="0" tests="2" name="com.tdd.test.TestGroups" time="0.017" errors="0" timestamp="2021-02-28T22:51:15 IST" skipped="0">
  <testcase classname="com.tdd.test.TestGroups" name="testLoginValid" time="0.003"/>
  <system-out/>
  <testcase classname="com.tdd.test.TestGroups" name="testLoginInValid1" time="0.014"/>
  <system-out/>
</testsuite> <!-- com.tdd.test.TestGroups -->
