<?xml version="1.0" encoding="UTF-8"?>
<!-- Generated by org.testng.reporters.JUnitReportReporter -->
<testsuite hostname="Arjun" failures="0" tests="4" name="com.tdd.test.TestOrder" time="0.029" errors="0" timestamp="2021-02-28T23:03:43 IST" skipped="0">
  <testcase classname="com.tdd.test.TestOrder" name="a" time="0.022"/>
  <system-out/>
  <testcase classname="com.tdd.test.TestOrder" name="c" time="0.003"/>
  <system-out/>
  <testcase classname="com.tdd.test.TestOrder" name="b" time="0.002"/>
  <system-out/>
  <testcase classname="com.tdd.test.TestOrder" name="d" time="0.002"/>
  <system-out/>
</testsuite> <!-- com.tdd.test.TestOrder -->
