<?xml version="1.0" encoding="UTF-8"?>
<!-- Generated by org.testng.reporters.JUnitReportReporter -->
<testsuite hostname="Arjun" failures="0" tests="1" name="com.simpliLearnLog4j.Logtester3" time="0.008" errors="0" timestamp="2021-05-22T21:17:49 IST" skipped="0">
  <testcase classname="com.simpliLearnLog4j.Logtester3" name="f" time="0.008"/>
  <system-out/>
</testsuite> <!-- com.simpliLearnLog4j.Logtester3 -->
