<?xml version="1.0" encoding="UTF-8"?>
<!-- Generated by org.testng.reporters.JUnitReportReporter -->
<testsuite hostname="Arjun" failures="0" tests="1" name="com.simpliLearnLog4j.Logtester2" time="0.013" errors="0" timestamp="2021-05-22T21:54:21 IST" skipped="0">
  <testcase classname="com.simpliLearnLog4j.Logtester2" name="f" time="0.013"/>
  <system-out/>
</testsuite> <!-- com.simpliLearnLog4j.Logtester2 -->
