<?xml version="1.0" encoding="UTF-8"?>
<!-- Generated by org.testng.reporters.JUnitReportReporter -->
<testsuite hostname="Arjun" failures="0" tests="1" name="com.ecom.selenium.external.browser.popup.AmazonBrowser" time="29.448" errors="0" timestamp="2021-02-14T22:08:22 IST" skipped="0">
  <testcase classname="com.ecom.selenium.external.browser.popup.AmazonBrowser" name="addToCart" time="29.448"/>
  <system-out/>
</testsuite> <!-- com.ecom.selenium.external.browser.popup.AmazonBrowser -->
