<?xml version="1.0" encoding="UTF-8"?>
<!-- Generated by org.testng.reporters.JUnitReportReporter -->
<testsuite skipped="0" hostname="Arjun" name="com.appium.TestAppium" tests="1" failures="0" timestamp="2021-07-04T22:52:14 IST" time="0.002" errors="0">
  <testcase name="MyTest" time="0.002" classname="com.appium.TestAppium"/>
  <system-out/>
</testsuite> <!-- com.appium.TestAppium -->
