<?xml version="1.0" encoding="UTF-8"?>
<!-- Generated by org.testng.reporters.JUnitReportReporter -->
<testsuite hostname="Arjun" failures="0" tests="1" name="com.gridmaven.test.GridTestMaven" time="2.598" errors="0" timestamp="2021-03-20T20:50:23 IST" skipped="0">
  <testcase classname="com.gridmaven.test.GridTestMaven" name="sampleTest" time="2.598"/>
  <system-out/>
</testsuite> <!-- com.gridmaven.test.GridTestMaven -->
