<?xml version="1.0" encoding="UTF-8"?>
<!-- Generated by org.testng.reporters.JUnitReportReporter -->
<testsuite hostname="Arjun" failures="0" tests="1" name="com.appium.TestSwiggy" time="517.626" errors="0" timestamp="2021-07-10T17:35:08 IST" skipped="0">
  <testcase classname="com.appium.TestSwiggy" name="testLocation" time="517.626"/>
  <system-out/>
</testsuite> <!-- com.appium.TestSwiggy -->
