<?xml version="1.0" encoding="UTF-8"?>
<!-- Generated by org.testng.reporters.JUnitReportReporter -->
<testsuite hostname="Arjun" failures="0" tests="1" name="com.appium.TestAppium" time="0.042" errors="0" timestamp="2021-07-10T17:35:08 IST" skipped="0">
  <testcase classname="com.appium.TestAppium" name="MyTest" time="0.042"/>
  <system-out/>
</testsuite> <!-- com.appium.TestAppium -->
