<?xml version="1.0" encoding="UTF-8"?>
<!-- Generated by org.testng.reporters.JUnitReportReporter -->
<testsuite hostname="Arjun" failures="0" tests="4" name="com.sl.test.PracTestNG2" time="0.021" errors="0" timestamp="2021-02-27T22:38:10 IST" skipped="0">
  <testcase classname="com.sl.test.PracTestNG2" name="t" time="0.007"/>
  <system-out/>
  <testcase classname="com.sl.test.PracTestNG2" name="signup" time="0.005"/>
  <system-out/>
  <testcase classname="com.sl.test.PracTestNG2" name="signup" time="0.003"/>
  <system-out/>
  <testcase classname="com.sl.test.PracTestNG2" name="t2" time="0.006"/>
  <system-out/>
</testsuite> <!-- com.sl.test.PracTestNG2 -->
