<?xml version="1.0" encoding="UTF-8"?>
<!-- Generated by org.testng.reporters.JUnitReportReporter -->
<testsuite hostname="Arjun" failures="0" tests="6" name="com.sl.test.PracTestNG" time="0.040" errors="0" timestamp="2021-02-27T23:31:47 IST" skipped="0">
  <testcase classname="com.sl.test.PracTestNG" name="Test" time="0.024"/>
  <system-out/>
  <testcase classname="com.sl.test.PracTestNG" name="LoginTest" time="0.008"/>
  <system-out/>
  <testcase classname="com.sl.test.PracTestNG" name="Test" time="0.008"/>
  <system-out/>
  <testcase classname="com.sl.test.PracTestNG" name="t2" time="0.000"/>
  <system-out/>
  <testcase classname="com.sl.test.PracTestNG" name="LoginTest" time="0.000"/>
  <system-out/>
  <testcase classname="com.sl.test.PracTestNG" name="t" time="0.000"/>
  <system-out/>
</testsuite> <!-- com.sl.test.PracTestNG -->
