<?xml version="1.0" encoding="UTF-8"?>
<!-- Generated by org.testng.reporters.JUnitReportReporter -->
<testsuite hostname="Arjun" failures="0" tests="4" name="com.sl.test2.PracTestNG2" time="0.023" errors="0" timestamp="2021-02-27T23:31:47 IST" skipped="0">
  <testcase classname="com.sl.test2.PracTestNG2" name="signup" time="0.000"/>
  <system-out/>
  <testcase classname="com.sl.test2.PracTestNG2" name="signup" time="0.015"/>
  <system-out/>
  <testcase classname="com.sl.test2.PracTestNG2" name="t2" time="0.000"/>
  <system-out/>
  <testcase classname="com.sl.test2.PracTestNG2" name="t" time="0.008"/>
  <system-out/>
</testsuite> <!-- com.sl.test2.PracTestNG2 -->
